<?xml version="1.0" encoding="UTF-8"?>
<testsuite name="com.ohgiraffers.section05.custom.CustomAnnotationTests" tests="3" skipped="0" failures="0" errors="0" timestamp="2023-06-27T23:48:27" hostname="DESKTOP-0KHO81C" time="0.002">
  <properties/>
  <testcase name="testDevelopmentCustomTag()" classname="com.ohgiraffers.section05.custom.CustomAnnotationTests" time="0.001"/>
  <testcase name="testOnWindowsOs()" classname="com.ohgiraffers.section05.custom.CustomAnnotationTests" time="0.0"/>
  <testcase name="testProductionCustomTag()" classname="com.ohgiraffers.section05.custom.CustomAnnotationTests" time="0.0"/>
  <system-out><![CDATA[]]></system-out>
  <system-err><![CDATA[]]></system-err>
</testsuite>
