<?xml version="1.0" encoding="UTF-8"?>
<testsuite name="com.ohgiraffers.section03.additional.AdditionalAnnotationTests" tests="18" skipped="1" failures="0" errors="0" timestamp="2023-06-27T23:48:26" hostname="DESKTOP-0KHO81C" time="0.941">
  <properties/>
  <testcase name="testFirst()" classname="com.ohgiraffers.section03.additional.AdditionalAnnotationTests" time="0.001"/>
  <testcase name="testSecond()" classname="com.ohgiraffers.section03.additional.AdditionalAnnotationTests" time="0.001"/>
  <testcase name="testThird()" classname="com.ohgiraffers.section03.additional.AdditionalAnnotationTests" time="0.0"/>
  <testcase name="testTimeout()" classname="com.ohgiraffers.section03.additional.AdditionalAnnotationTests" time="0.91"/>
  <testcase name="testTag1()" classname="com.ohgiraffers.section03.additional.AdditionalAnnotationTests" time="0.001"/>
  <testcase name="testTag2()" classname="com.ohgiraffers.section03.additional.AdditionalAnnotationTests" time="0.001"/>
  <testcase name="testTag3()" classname="com.ohgiraffers.section03.additional.AdditionalAnnotationTests" time="0.0"/>
  <testcase name="testIgnore()" classname="com.ohgiraffers.section03.additional.AdditionalAnnotationTests" time="0.001">
    <skipped/>
  </testcase>
  <testcase name="repetition 1 of 10" classname="com.ohgiraffers.section03.additional.AdditionalAnnotationTests" time="0.001"/>
  <testcase name="repetition 2 of 10" classname="com.ohgiraffers.section03.additional.AdditionalAnnotationTests" time="0.001"/>
  <testcase name="repetition 3 of 10" classname="com.ohgiraffers.section03.additional.AdditionalAnnotationTests" time="0.001"/>
  <testcase name="repetition 4 of 10" classname="com.ohgiraffers.section03.additional.AdditionalAnnotationTests" time="0.001"/>
  <testcase name="repetition 5 of 10" classname="com.ohgiraffers.section03.additional.AdditionalAnnotationTests" time="0.0"/>
  <testcase name="repetition 6 of 10" classname="com.ohgiraffers.section03.additional.AdditionalAnnotationTests" time="0.0"/>
  <testcase name="repetition 7 of 10" classname="com.ohgiraffers.section03.additional.AdditionalAnnotationTests" time="0.0"/>
  <testcase name="repetition 8 of 10" classname="com.ohgiraffers.section03.additional.AdditionalAnnotationTests" time="0.0"/>
  <testcase name="repetition 9 of 10" classname="com.ohgiraffers.section03.additional.AdditionalAnnotationTests" time="0.0"/>
  <testcase name="repetition 10 of 10" classname="com.ohgiraffers.section03.additional.AdditionalAnnotationTests" time="0.001"/>
  <system-out><![CDATA[]]></system-out>
  <system-err><![CDATA[]]></system-err>
</testsuite>
