<?xml version="1.0" encoding="UTF-8"?>
<testsuite name="com.ohgiraffers.parameterized.section01.params.ParameterizedTests" tests="2" skipped="0" failures="0" errors="0" timestamp="2023-06-29T02:20:01" hostname="DESKTOP-0KHO81C" time="0.034">
  <properties/>
  <testcase name="2014/09/18은 2014년 입니다." classname="com.ohgiraffers.parameterized.section01.params.ParameterizedTests" time="0.029"/>
  <testcase name="2021/10/13은 2021년 입니다." classname="com.ohgiraffers.parameterized.section01.params.ParameterizedTests" time="0.001"/>
  <system-out><![CDATA[]]></system-out>
  <system-err><![CDATA[]]></system-err>
</testsuite>
