<?xml version="1.0" encoding="UTF-8"?>
<testsuite name="com.ohgiraffers.section01.problem.ProblemsOfUsingDirectSQLTests" tests="1" skipped="0" failures="0" errors="0" timestamp="2023-07-18T02:23:58" hostname="LAPTOP-O91Q221D" time="0.238">
  <properties/>
  <testcase name="조회한 두 개의 행을 담은 객체의 동일성 비교 테스트" classname="com.ohgiraffers.section01.problem.ProblemsOfUsingDirectSQLTests" time="0.238"/>
  <system-out><![CDATA[]]></system-out>
  <system-err><![CDATA[]]></system-err>
</testsuite>
