<?xml version="1.0" encoding="UTF-8"?>
<testsuite name="com.ohgiraffers.mybatisspring.section01.factorybean.FindMenusTests" tests="1" skipped="0" failures="0" errors="0" timestamp="2023-07-17T02:10:54" hostname="LAPTOP-O91Q221D" time="0.515">
  <properties/>
  <testcase name="testFindAllMenus()" classname="com.ohgiraffers.mybatisspring.section01.factorybean.FindMenusTests" time="0.515"/>
  <system-out><![CDATA[11:10:53.661 [Test worker] DEBUG org.springframework.test.context.BootstrapUtils - Instantiating CacheAwareContextLoaderDelegate from class [org.springframework.test.context.cache.DefaultCacheAwareContextLoaderDelegate]
11:10:53.668 [Test worker] DEBUG org.springframework.test.context.BootstrapUtils - Instantiating BootstrapContext using constructor [public org.springframework.test.context.support.DefaultBootstrapContext(java.lang.Class,org.springframework.test.context.CacheAwareContextLoaderDelegate)]
11:10:53.695 [Test worker] DEBUG org.springframework.test.context.BootstrapUtils - Instantiating TestContextBootstrapper for test class [com.ohgiraffers.mybatisspring.section01.factorybean.FindMenusTests] from class [org.springframework.boot.test.context.SpringBootTestContextBootstrapper]
11:10:53.702 [Test worker] INFO org.springframework.boot.test.context.SpringBootTestContextBootstrapper - Neither @ContextConfiguration nor @ContextHierarchy found for test class [com.ohgiraffers.mybatisspring.section01.factorybean.FindMenusTests], using SpringBootContextLoader
11:10:53.705 [Test worker] DEBUG org.springframework.test.context.support.AbstractContextLoader - Did not detect default resource location for test class [com.ohgiraffers.mybatisspring.section01.factorybean.FindMenusTests]: class path resource [com/ohgiraffers/mybatisspring/section01/factorybean/FindMenusTests-context.xml] does not exist
11:10:53.705 [Test worker] DEBUG org.springframework.test.context.support.AbstractContextLoader - Did not detect default resource location for test class [com.ohgiraffers.mybatisspring.section01.factorybean.FindMenusTests]: class path resource [com/ohgiraffers/mybatisspring/section01/factorybean/FindMenusTestsContext.groovy] does not exist
11:10:53.705 [Test worker] INFO org.springframework.test.context.support.AbstractContextLoader - Could not detect default resource locations for test class [com.ohgiraffers.mybatisspring.section01.factorybean.FindMenusTests]: no resource found for suffixes {-context.xml, Context.groovy}.
11:10:53.705 [Test worker] INFO org.springframework.test.context.support.AnnotationConfigContextLoaderUtils - Could not detect default configuration classes for test class [com.ohgiraffers.mybatisspring.section01.factorybean.FindMenusTests]: FindMenusTests does not declare any static, non-private, non-final, nested classes annotated with @Configuration.
11:10:53.734 [Test worker] DEBUG org.springframework.test.context.support.ActiveProfilesUtils - Could not find an 'annotation declaring class' for annotation type [org.springframework.test.context.ActiveProfiles] and class [com.ohgiraffers.mybatisspring.section01.factorybean.FindMenusTests]
11:10:53.775 [Test worker] DEBUG org.springframework.context.annotation.ClassPathScanningCandidateComponentProvider - Identified candidate component class: file [C:\Lecture\08_mybatis-spring\01_lecture-source\chap01-mybatis-spring-lecture-source\build\classes\java\main\com\ohgiraffers\mybatisspring\Chap01MybatisSpringLectureSourceApplication.class]
11:10:53.775 [Test worker] INFO org.springframework.boot.test.context.SpringBootTestContextBootstrapper - Found @SpringBootConfiguration com.ohgiraffers.mybatisspring.Chap01MybatisSpringLectureSourceApplication for test class com.ohgiraffers.mybatisspring.section01.factorybean.FindMenusTests
11:10:53.840 [Test worker] DEBUG org.springframework.boot.test.context.SpringBootTestContextBootstrapper - @TestExecutionListeners is not present for class [com.ohgiraffers.mybatisspring.section01.factorybean.FindMenusTests]: using defaults.
11:10:53.840 [Test worker] INFO org.springframework.boot.test.context.SpringBootTestContextBootstrapper - Loaded default TestExecutionListener class names from location [META-INF/spring.factories]: [org.springframework.boot.test.autoconfigure.restdocs.RestDocsTestExecutionListener, org.springframework.boot.test.autoconfigure.web.client.MockRestServiceServerResetTestExecutionListener, org.springframework.boot.test.autoconfigure.web.servlet.MockMvcPrintOnlyOnFailureTestExecutionListener, org.springframework.boot.test.autoconfigure.web.servlet.WebDriverTestExecutionListener, org.springframework.boot.test.autoconfigure.webservices.client.MockWebServiceServerTestExecutionListener, org.springframework.boot.test.mock.mockito.MockitoTestExecutionListener, org.springframework.boot.test.mock.mockito.ResetMocksTestExecutionListener, org.springframework.test.context.web.ServletTestExecutionListener, org.springframework.test.context.support.DirtiesContextBeforeModesTestExecutionListener, org.springframework.test.context.event.ApplicationEventsTestExecutionListener, org.springframework.test.context.support.DependencyInjectionTestExecutionListener, org.springframework.test.context.support.DirtiesContextTestExecutionListener, org.springframework.test.context.transaction.TransactionalTestExecutionListener, org.springframework.test.context.jdbc.SqlScriptsTestExecutionListener, org.springframework.test.context.event.EventPublishingTestExecutionListener]
11:10:53.845 [Test worker] DEBUG org.springframework.boot.test.context.SpringBootTestContextBootstrapper - Skipping candidate TestExecutionListener [org.springframework.test.context.web.ServletTestExecutionListener] due to a missing dependency. Specify custom listener classes or make the default listener classes and their required dependencies available. Offending class: [javax/servlet/ServletContext]
11:10:53.848 [Test worker] INFO org.springframework.boot.test.context.SpringBootTestContextBootstrapper - Using TestExecutionListeners: [org.springframework.test.context.support.DirtiesContextBeforeModesTestExecutionListener@29539e36, org.springframework.test.context.event.ApplicationEventsTestExecutionListener@32f61a31, org.springframework.boot.test.mock.mockito.MockitoTestExecutionListener@f5c79a6, org.springframework.boot.test.autoconfigure.SpringBootDependencyInjectionTestExecutionListener@669253b7, org.springframework.test.context.support.DirtiesContextTestExecutionListener@5305c37d, org.springframework.test.context.transaction.TransactionalTestExecutionListener@51a06cbe, org.springframework.test.context.jdbc.SqlScriptsTestExecutionListener@3dddbe65, org.springframework.test.context.event.EventPublishingTestExecutionListener@49a64d82, org.springframework.boot.test.autoconfigure.restdocs.RestDocsTestExecutionListener@344561e0, org.springframework.boot.test.autoconfigure.web.client.MockRestServiceServerResetTestExecutionListener@66d23e4a, org.springframework.boot.test.autoconfigure.web.servlet.MockMvcPrintOnlyOnFailureTestExecutionListener@36ac8a63, org.springframework.boot.test.autoconfigure.web.servlet.WebDriverTestExecutionListener@4d9d1b69, org.springframework.boot.test.autoconfigure.webservices.client.MockWebServiceServerTestExecutionListener@52c8295b, org.springframework.boot.test.mock.mockito.ResetMocksTestExecutionListener@251f7d26]
11:10:53.850 [Test worker] DEBUG org.springframework.test.context.support.AbstractDirtiesContextTestExecutionListener - Before test class: context [DefaultTestContext@29caf222 testClass = FindMenusTests, testInstance = [null], testMethod = [null], testException = [null], mergedContextConfiguration = [MergedContextConfiguration@46cf05f7 testClass = FindMenusTests, locations = '{}', classes = '{class com.ohgiraffers.mybatisspring.Chap01MybatisSpringLectureSourceApplication}', contextInitializerClasses = '[]', activeProfiles = '{}', propertySourceLocations = '{}', propertySourceProperties = '{org.springframework.boot.test.context.SpringBootTestContextBootstrapper=true}', contextCustomizers = set[org.springframework.boot.test.autoconfigure.actuate.metrics.MetricsExportContextCustomizerFactory$DisableMetricExportContextCustomizer@686449f9, org.springframework.boot.test.autoconfigure.properties.PropertyMappingContextCustomizer@0, org.springframework.boot.test.autoconfigure.web.servlet.WebDriverContextCustomizerFactory$Customizer@7756c3cd, org.springframework.boot.test.context.filter.ExcludeFilterContextCustomizer@6cfcd46d, org.springframework.boot.test.json.DuplicateJsonObjectContextCustomizerFactory$DuplicateJsonObjectContextCustomizer@26425897, org.springframework.boot.test.mock.mockito.MockitoContextCustomizer@0, org.springframework.boot.test.web.client.TestRestTemplateContextCustomizer@42e3ede4, org.springframework.boot.test.context.SpringBootTestArgs@1, org.springframework.boot.test.context.SpringBootTestWebEnvironment@4c5ae43b], contextLoader = 'org.springframework.boot.test.context.SpringBootContextLoader', parent = [null]], attributes = map[[empty]]], class annotated with @DirtiesContext [false] with mode [null].
11:10:53.858 [Test worker] DEBUG org.springframework.test.context.support.DependencyInjectionTestExecutionListener - Performing dependency injection for test context [[DefaultTestContext@29caf222 testClass = FindMenusTests, testInstance = com.ohgiraffers.mybatisspring.section01.factorybean.FindMenusTests@10b3df93, testMethod = [null], testException = [null], mergedContextConfiguration = [MergedContextConfiguration@46cf05f7 testClass = FindMenusTests, locations = '{}', classes = '{class com.ohgiraffers.mybatisspring.Chap01MybatisSpringLectureSourceApplication}', contextInitializerClasses = '[]', activeProfiles = '{}', propertySourceLocations = '{}', propertySourceProperties = '{org.springframework.boot.test.context.SpringBootTestContextBootstrapper=true}', contextCustomizers = set[org.springframework.boot.test.autoconfigure.actuate.metrics.MetricsExportContextCustomizerFactory$DisableMetricExportContextCustomizer@686449f9, org.springframework.boot.test.autoconfigure.properties.PropertyMappingContextCustomizer@0, org.springframework.boot.test.autoconfigure.web.servlet.WebDriverContextCustomizerFactory$Customizer@7756c3cd, org.springframework.boot.test.context.filter.ExcludeFilterContextCustomizer@6cfcd46d, org.springframework.boot.test.json.DuplicateJsonObjectContextCustomizerFactory$DuplicateJsonObjectContextCustomizer@26425897, org.springframework.boot.test.mock.mockito.MockitoContextCustomizer@0, org.springframework.boot.test.web.client.TestRestTemplateContextCustomizer@42e3ede4, org.springframework.boot.test.context.SpringBootTestArgs@1, org.springframework.boot.test.context.SpringBootTestWebEnvironment@4c5ae43b], contextLoader = 'org.springframework.boot.test.context.SpringBootContextLoader', parent = [null]], attributes = map['org.springframework.test.context.event.ApplicationEventsTestExecutionListener.recordApplicationEvents' -> false]]].

  .   ____          _            __ _ _
 /\\ / ___'_ __ _ _(_)_ __  __ _ \ \ \ \
( ( )\___ | '_ | '_| | '_ \/ _` | \ \ \ \
 \\/  ___)| |_)| | | | | || (_| |  ) ) ) )
  '  |____| .__|_| |_|_| |_\__, | / / / /
 =========|_|==============|___/=/_/_/_/
 :: Spring Boot ::               (v2.7.13)

2023-07-17 11:10:54.065  INFO 20932 --- [    Test worker] c.o.m.s.factorybean.FindMenusTests       : Starting FindMenusTests using Java 11.0.15 on LAPTOP-O91Q221D with PID 20932 (started by user in C:\Lecture\08_mybatis-spring\01_lecture-source\chap01-mybatis-spring-lecture-source)
2023-07-17 11:10:54.066  INFO 20932 --- [    Test worker] c.o.m.s.factorybean.FindMenusTests       : No active profile set, falling back to 1 default profile: "default"
com.mysql.cj.jdbc.Driverjdbc:mysql://localhost/menumenumenu
2023-07-17 11:10:54.727  INFO 20932 --- [    Test worker] c.o.m.s.factorybean.FindMenusTests       : Started FindMenusTests in 0.855 seconds (JVM running for 1.668)
2023-07-17 11:10:54.952  INFO 20932 --- [    Test worker] com.zaxxer.hikari.HikariDataSource       : HikariPool-1 - Starting...
2023-07-17 11:10:55.193  INFO 20932 --- [    Test worker] com.zaxxer.hikari.HikariDataSource       : HikariPool-1 - Start completed.
MenuDTO{menuCode=1, menuName='열무김치라떼', menuPrice=0, categoryCode=8, oderableStatus='Y'}
MenuDTO{menuCode=2, menuName='우럭스무디', menuPrice=0, categoryCode=10, oderableStatus='Y'}
MenuDTO{menuCode=3, menuName='생갈치쉐이크', menuPrice=0, categoryCode=10, oderableStatus='Y'}
MenuDTO{menuCode=4, menuName='갈릭미역파르페', menuPrice=0, categoryCode=10, oderableStatus='Y'}
MenuDTO{menuCode=6, menuName='생마늘샐러드', menuPrice=0, categoryCode=4, oderableStatus='Y'}
MenuDTO{menuCode=7, menuName='민트미역국', menuPrice=0, categoryCode=4, oderableStatus='Y'}
MenuDTO{menuCode=9, menuName='홍어마카롱', menuPrice=0, categoryCode=12, oderableStatus='Y'}
MenuDTO{menuCode=11, menuName='정어리빙수', menuPrice=0, categoryCode=10, oderableStatus='Y'}
MenuDTO{menuCode=12, menuName='날치알스크류바', menuPrice=0, categoryCode=10, oderableStatus='Y'}
MenuDTO{menuCode=13, menuName='직화구이젤라또', menuPrice=0, categoryCode=12, oderableStatus='Y'}
MenuDTO{menuCode=14, menuName='과메기커틀릿', menuPrice=0, categoryCode=6, oderableStatus='Y'}
MenuDTO{menuCode=16, menuName='흑마늘아메리카노', menuPrice=0, categoryCode=8, oderableStatus='Y'}
MenuDTO{menuCode=17, menuName='아이스가리비관자육수', menuPrice=0, categoryCode=10, oderableStatus='Y'}
MenuDTO{menuCode=18, menuName='붕어빵초밥', menuPrice=0, categoryCode=6, oderableStatus='Y'}
MenuDTO{menuCode=19, menuName='까나리코코넛쥬스', menuPrice=0, categoryCode=9, oderableStatus='Y'}
MenuDTO{menuCode=21, menuName='돌미나리백설기', menuPrice=0, categoryCode=11, oderableStatus='Y'}
MenuDTO{menuCode=22, menuName='봉골레청국장', menuPrice=0, categoryCode=4, oderableStatus='Y'}
MenuDTO{menuCode=26, menuName='봉골레파스타', menuPrice=0, categoryCode=11, oderableStatus='Y'}
]]></system-out>
  <system-err><![CDATA[]]></system-err>
</testsuite>
